1742316056.670580 client started (2984106): version 3.2a, socket /tmp/tmux-171369/default, protocol 8
1742316056.670609 on Linux 5.14.0-503.26.1.el9_5.x86_64 #1 SMP PREEMPT_DYNAMIC Mon Feb 10 05:23:56 EST 2025
1742316056.670616 using libevent 2.1.12-stable (poll); ncurses 6.2
1742316056.670631 flags are 0x18010000
1742316056.670637 socket is /tmp/tmux-171369/default
1742316056.670653 trying connect
1742316056.670669 connect failed: No such file or directory
1742316056.670683 lock file is /tmp/tmux-171369/default.lock
1742316056.670748 flock succeeded
1742316056.670759 got lock (6)
1742316056.670770 trying connect
1742316056.670780 connect failed: No such file or directory
1742316056.670951 add peer 0x555dba3ef860: 7 ((nil))
1742316056.671257 sending message 100 to peer 0x555dba3ef860 (4 bytes)
1742316056.671269 sending message 111 to peer 0x555dba3ef860 (8 bytes)
1742316056.671275 sending message 101 to peer 0x555dba3ef860 (15 bytes)
1742316056.671281 sending message 109 to peer 0x555dba3ef860 (4 bytes)
1742316056.671287 sending message 102 to peer 0x555dba3ef860 (12 bytes)
1742316056.671293 sending message 108 to peer 0x555dba3ef860 (26 bytes)
1742316056.671300 sending message 112 to peer 0x555dba3ef860 (58 bytes)
1742316056.671306 sending message 112 to peer 0x555dba3ef860 (5 bytes)
1742316056.671312 sending message 112 to peer 0x555dba3ef860 (5 bytes)
1742316056.671317 sending message 112 to peer 0x555dba3ef860 (6 bytes)
1742316056.671323 sending message 112 to peer 0x555dba3ef860 (6 bytes)
1742316056.671328 sending message 112 to peer 0x555dba3ef860 (11 bytes)
1742316056.671334 sending message 112 to peer 0x555dba3ef860 (10 bytes)
1742316056.671340 sending message 112 to peer 0x555dba3ef860 (13 bytes)
1742316056.671346 sending message 112 to peer 0x555dba3ef860 (14 bytes)
1742316056.671352 sending message 112 to peer 0x555dba3ef860 (19 bytes)
1742316056.671357 sending message 112 to peer 0x555dba3ef860 (11 bytes)
1742316056.671362 sending message 112 to peer 0x555dba3ef860 (10 bytes)
1742316056.671367 sending message 112 to peer 0x555dba3ef860 (15 bytes)
1742316056.671372 sending message 112 to peer 0x555dba3ef860 (21 bytes)
1742316056.671377 sending message 112 to peer 0x555dba3ef860 (13 bytes)
1742316056.671383 sending message 112 to peer 0x555dba3ef860 (7 bytes)
1742316056.671389 sending message 112 to peer 0x555dba3ef860 (13 bytes)
1742316056.671394 sending message 112 to peer 0x555dba3ef860 (7 bytes)
1742316056.671399 sending message 112 to peer 0x555dba3ef860 (13 bytes)
1742316056.671405 sending message 112 to peer 0x555dba3ef860 (9 bytes)
1742316056.671410 sending message 112 to peer 0x555dba3ef860 (21 bytes)
1742316056.671415 sending message 112 to peer 0x555dba3ef860 (13 bytes)
1742316056.671422 sending message 112 to peer 0x555dba3ef860 (9 bytes)
1742316056.671427 sending message 112 to peer 0x555dba3ef860 (16 bytes)
1742316056.671432 sending message 112 to peer 0x555dba3ef860 (13 bytes)
1742316056.671438 sending message 112 to peer 0x555dba3ef860 (9 bytes)
1742316056.671444 sending message 112 to peer 0x555dba3ef860 (9 bytes)
1742316056.671449 sending message 112 to peer 0x555dba3ef860 (12 bytes)
1742316056.671454 sending message 112 to peer 0x555dba3ef860 (8 bytes)
1742316056.671459 sending message 112 to peer 0x555dba3ef860 (8 bytes)
1742316056.671465 sending message 112 to peer 0x555dba3ef860 (13 bytes)
1742316056.671470 sending message 112 to peer 0x555dba3ef860 (7 bytes)
1742316056.671475 sending message 112 to peer 0x555dba3ef860 (7 bytes)
1742316056.671480 sending message 112 to peer 0x555dba3ef860 (9 bytes)
1742316056.671486 sending message 112 to peer 0x555dba3ef860 (9 bytes)
1742316056.671492 sending message 112 to peer 0x555dba3ef860 (15 bytes)
1742316056.671497 sending message 112 to peer 0x555dba3ef860 (13 bytes)
1742316056.671504 sending message 112 to peer 0x555dba3ef860 (12 bytes)
1742316056.671510 sending message 112 to peer 0x555dba3ef860 (8 bytes)
1742316056.671516 sending message 112 to peer 0x555dba3ef860 (14 bytes)
1742316056.671521 sending message 112 to peer 0x555dba3ef860 (11 bytes)
1742316056.671532 sending message 112 to peer 0x555dba3ef860 (9 bytes)
1742316056.671537 sending message 112 to peer 0x555dba3ef860 (10 bytes)
1742316056.671542 sending message 112 to peer 0x555dba3ef860 (10 bytes)
1742316056.671548 sending message 112 to peer 0x555dba3ef860 (10 bytes)
1742316056.671554 sending message 112 to peer 0x555dba3ef860 (10 bytes)
1742316056.671559 sending message 112 to peer 0x555dba3ef860 (11 bytes)
1742316056.671564 sending message 112 to peer 0x555dba3ef860 (12 bytes)
1742316056.671570 sending message 112 to peer 0x555dba3ef860 (12 bytes)
1742316056.671576 sending message 112 to peer 0x555dba3ef860 (12 bytes)
1742316056.671581 sending message 112 to peer 0x555dba3ef860 (12 bytes)
1742316056.671587 sending message 112 to peer 0x555dba3ef860 (12 bytes)
1742316056.671593 sending message 112 to peer 0x555dba3ef860 (11 bytes)
1742316056.671598 sending message 112 to peer 0x555dba3ef860 (11 bytes)
1742316056.671603 sending message 112 to peer 0x555dba3ef860 (12 bytes)
1742316056.671608 sending message 112 to peer 0x555dba3ef860 (12 bytes)
1742316056.671614 sending message 112 to peer 0x555dba3ef860 (12 bytes)
1742316056.671619 sending message 112 to peer 0x555dba3ef860 (12 bytes)
1742316056.671624 sending message 112 to peer 0x555dba3ef860 (12 bytes)
1742316056.671629 sending message 112 to peer 0x555dba3ef860 (9 bytes)
1742316056.671634 sending message 112 to peer 0x555dba3ef860 (12 bytes)
1742316056.671639 sending message 112 to peer 0x555dba3ef860 (13 bytes)
1742316056.671644 sending message 112 to peer 0x555dba3ef860 (13 bytes)
1742316056.671649 sending message 112 to peer 0x555dba3ef860 (13 bytes)
1742316056.671657 sending message 112 to peer 0x555dba3ef860 (13 bytes)
1742316056.671662 sending message 112 to peer 0x555dba3ef860 (13 bytes)
1742316056.671668 sending message 112 to peer 0x555dba3ef860 (8 bytes)
1742316056.671673 sending message 112 to peer 0x555dba3ef860 (11 bytes)
1742316056.671678 sending message 112 to peer 0x555dba3ef860 (11 bytes)
1742316056.671684 sending message 112 to peer 0x555dba3ef860 (11 bytes)
1742316056.671689 sending message 112 to peer 0x555dba3ef860 (12 bytes)
1742316056.671694 sending message 112 to peer 0x555dba3ef860 (12 bytes)
1742316056.671707 sending message 112 to peer 0x555dba3ef860 (12 bytes)
1742316056.671712 sending message 112 to peer 0x555dba3ef860 (12 bytes)
1742316056.671718 sending message 112 to peer 0x555dba3ef860 (13 bytes)
1742316056.671723 sending message 112 to peer 0x555dba3ef860 (13 bytes)
1742316056.671729 sending message 112 to peer 0x555dba3ef860 (13 bytes)
1742316056.671735 sending message 112 to peer 0x555dba3ef860 (8 bytes)
1742316056.671740 sending message 112 to peer 0x555dba3ef860 (13 bytes)
1742316056.671746 sending message 112 to peer 0x555dba3ef860 (13 bytes)
1742316056.671751 sending message 112 to peer 0x555dba3ef860 (13 bytes)
1742316056.671757 sending message 112 to peer 0x555dba3ef860 (13 bytes)
1742316056.671765 sending message 112 to peer 0x555dba3ef860 (13 bytes)
1742316056.671771 sending message 112 to peer 0x555dba3ef860 (12 bytes)
1742316056.671777 sending message 112 to peer 0x555dba3ef860 (12 bytes)
1742316056.671783 sending message 112 to peer 0x555dba3ef860 (12 bytes)
1742316056.671788 sending message 112 to peer 0x555dba3ef860 (12 bytes)
1742316056.671795 sending message 112 to peer 0x555dba3ef860 (13 bytes)
1742316056.671801 sending message 112 to peer 0x555dba3ef860 (8 bytes)
1742316056.671807 sending message 112 to peer 0x555dba3ef860 (13 bytes)
1742316056.671812 sending message 112 to peer 0x555dba3ef860 (13 bytes)
1742316056.671817 sending message 112 to peer 0x555dba3ef860 (13 bytes)
1742316056.671823 sending message 112 to peer 0x555dba3ef860 (13 bytes)
1742316056.671828 sending message 112 to peer 0x555dba3ef860 (13 bytes)
1742316056.671834 sending message 112 to peer 0x555dba3ef860 (13 bytes)
1742316056.671840 sending message 112 to peer 0x555dba3ef860 (13 bytes)
1742316056.671845 sending message 112 to peer 0x555dba3ef860 (12 bytes)
1742316056.671851 sending message 112 to peer 0x555dba3ef860 (12 bytes)
1742316056.671859 sending message 112 to peer 0x555dba3ef860 (12 bytes)
1742316056.671865 sending message 112 to peer 0x555dba3ef860 (8 bytes)
1742316056.671871 sending message 112 to peer 0x555dba3ef860 (12 bytes)
1742316056.671876 sending message 112 to peer 0x555dba3ef860 (13 bytes)
1742316056.671881 sending message 112 to peer 0x555dba3ef860 (13 bytes)
1742316056.671887 sending message 112 to peer 0x555dba3ef860 (13 bytes)
1742316056.671892 sending message 112 to peer 0x555dba3ef860 (13 bytes)
1742316056.671897 sending message 112 to peer 0x555dba3ef860 (13 bytes)
1742316056.671902 sending message 112 to peer 0x555dba3ef860 (13 bytes)
1742316056.671909 sending message 112 to peer 0x555dba3ef860 (13 bytes)
1742316056.671916 sending message 112 to peer 0x555dba3ef860 (13 bytes)
1742316056.671921 sending message 112 to peer 0x555dba3ef860 (12 bytes)
1742316056.671926 sending message 112 to peer 0x555dba3ef860 (10 bytes)
1742316056.671932 sending message 112 to peer 0x555dba3ef860 (12 bytes)
1742316056.671937 sending message 112 to peer 0x555dba3ef860 (12 bytes)
1742316056.671943 sending message 112 to peer 0x555dba3ef860 (12 bytes)
1742316056.671948 sending message 112 to peer 0x555dba3ef860 (13 bytes)
1742316056.671953 sending message 112 to peer 0x555dba3ef860 (13 bytes)
1742316056.671959 sending message 112 to peer 0x555dba3ef860 (13 bytes)
1742316056.671964 sending message 112 to peer 0x555dba3ef860 (13 bytes)
1742316056.671970 sending message 112 to peer 0x555dba3ef860 (13 bytes)
1742316056.671975 sending message 112 to peer 0x555dba3ef860 (13 bytes)
1742316056.671981 sending message 112 to peer 0x555dba3ef860 (13 bytes)
1742316056.671987 sending message 112 to peer 0x555dba3ef860 (10 bytes)
1742316056.671992 sending message 112 to peer 0x555dba3ef860 (13 bytes)
1742316056.671998 sending message 112 to peer 0x555dba3ef860 (12 bytes)
1742316056.672003 sending message 112 to peer 0x555dba3ef860 (12 bytes)
1742316056.672008 sending message 112 to peer 0x555dba3ef860 (12 bytes)
1742316056.672014 sending message 112 to peer 0x555dba3ef860 (10 bytes)
1742316056.672020 sending message 112 to peer 0x555dba3ef860 (10 bytes)
1742316056.672025 sending message 112 to peer 0x555dba3ef860 (10 bytes)
1742316056.672030 sending message 112 to peer 0x555dba3ef860 (12 bytes)
1742316056.672036 sending message 112 to peer 0x555dba3ef860 (13 bytes)
1742316056.672041 sending message 112 to peer 0x555dba3ef860 (13 bytes)
1742316056.672047 sending message 112 to peer 0x555dba3ef860 (13 bytes)
1742316056.672052 sending message 112 to peer 0x555dba3ef860 (13 bytes)
1742316056.672058 sending message 112 to peer 0x555dba3ef860 (13 bytes)
1742316056.672063 sending message 112 to peer 0x555dba3ef860 (10 bytes)
1742316056.672068 sending message 112 to peer 0x555dba3ef860 (11 bytes)
1742316056.672074 sending message 112 to peer 0x555dba3ef860 (12 bytes)
1742316056.672079 sending message 112 to peer 0x555dba3ef860 (12 bytes)
1742316056.672084 sending message 112 to peer 0x555dba3ef860 (12 bytes)
1742316056.672090 sending message 112 to peer 0x555dba3ef860 (12 bytes)
1742316056.672096 sending message 112 to peer 0x555dba3ef860 (12 bytes)
1742316056.672101 sending message 112 to peer 0x555dba3ef860 (11 bytes)
1742316056.672106 sending message 112 to peer 0x555dba3ef860 (12 bytes)
1742316056.672112 sending message 112 to peer 0x555dba3ef860 (12 bytes)
1742316056.672117 sending message 112 to peer 0x555dba3ef860 (13 bytes)
1742316056.672122 sending message 112 to peer 0x555dba3ef860 (13 bytes)
1742316056.672128 sending message 112 to peer 0x555dba3ef860 (13 bytes)
1742316056.672134 sending message 112 to peer 0x555dba3ef860 (13 bytes)
1742316056.672139 sending message 112 to peer 0x555dba3ef860 (13 bytes)
1742316056.672146 sending message 112 to peer 0x555dba3ef860 (10 bytes)
1742316056.672153 sending message 112 to peer 0x555dba3ef860 (9 bytes)
1742316056.672159 sending message 112 to peer 0x555dba3ef860 (12 bytes)
1742316056.672165 sending message 112 to peer 0x555dba3ef860 (13 bytes)
1742316056.672171 sending message 112 to peer 0x555dba3ef860 (13 bytes)
1742316056.672180 sending message 112 to peer 0x555dba3ef860 (13 bytes)
1742316056.672187 sending message 112 to peer 0x555dba3ef860 (13 bytes)
1742316056.672193 sending message 112 to peer 0x555dba3ef860 (13 bytes)
1742316056.672198 sending message 112 to peer 0x555dba3ef860 (9 bytes)
1742316056.672204 sending message 112 to peer 0x555dba3ef860 (12 bytes)
1742316056.672211 sending message 112 to peer 0x555dba3ef860 (13 bytes)
1742316056.672218 sending message 112 to peer 0x555dba3ef860 (13 bytes)
1742316056.672224 sending message 112 to peer 0x555dba3ef860 (13 bytes)
1742316056.672230 sending message 112 to peer 0x555dba3ef860 (13 bytes)
1742316056.672237 sending message 112 to peer 0x555dba3ef860 (13 bytes)
1742316056.672242 sending message 112 to peer 0x555dba3ef860 (11 bytes)
1742316056.672248 sending message 112 to peer 0x555dba3ef860 (12 bytes)
1742316056.672253 sending message 112 to peer 0x555dba3ef860 (13 bytes)
1742316056.672258 sending message 112 to peer 0x555dba3ef860 (13 bytes)
1742316056.672264 sending message 112 to peer 0x555dba3ef860 (13 bytes)
1742316056.672270 sending message 112 to peer 0x555dba3ef860 (13 bytes)
1742316056.672275 sending message 112 to peer 0x555dba3ef860 (13 bytes)
1742316056.672280 sending message 112 to peer 0x555dba3ef860 (11 bytes)
1742316056.672288 sending message 112 to peer 0x555dba3ef860 (12 bytes)
1742316056.672294 sending message 112 to peer 0x555dba3ef860 (12 bytes)
1742316056.672299 sending message 112 to peer 0x555dba3ef860 (12 bytes)
1742316056.672304 sending message 112 to peer 0x555dba3ef860 (12 bytes)
1742316056.672310 sending message 112 to peer 0x555dba3ef860 (12 bytes)
1742316056.672315 sending message 112 to peer 0x555dba3ef860 (21 bytes)
1742316056.672320 sending message 112 to peer 0x555dba3ef860 (12 bytes)
1742316056.672325 sending message 112 to peer 0x555dba3ef860 (9 bytes)
1742316056.672331 sending message 112 to peer 0x555dba3ef860 (6 bytes)
1742316056.672337 sending message 112 to peer 0x555dba3ef860 (13 bytes)
1742316056.672342 sending message 112 to peer 0x555dba3ef860 (10 bytes)
1742316056.672347 sending message 112 to peer 0x555dba3ef860 (24 bytes)
1742316056.672353 sending message 112 to peer 0x555dba3ef860 (13 bytes)
1742316056.672358 sending message 112 to peer 0x555dba3ef860 (9 bytes)
1742316056.672363 sending message 112 to peer 0x555dba3ef860 (70 bytes)
1742316056.672369 sending message 112 to peer 0x555dba3ef860 (69 bytes)
1742316056.672376 sending message 112 to peer 0x555dba3ef860 (12 bytes)
1742316056.672382 sending message 112 to peer 0x555dba3ef860 (10 bytes)
1742316056.672387 sending message 112 to peer 0x555dba3ef860 (10 bytes)
1742316056.672392 sending message 112 to peer 0x555dba3ef860 (24 bytes)
1742316056.672397 sending message 112 to peer 0x555dba3ef860 (13 bytes)
1742316056.672402 sending message 112 to peer 0x555dba3ef860 (10 bytes)
1742316056.672408 sending message 112 to peer 0x555dba3ef860 (10 bytes)
1742316056.672414 sending message 112 to peer 0x555dba3ef860 (10 bytes)
1742316056.672419 sending message 112 to peer 0x555dba3ef860 (13 bytes)
1742316056.672424 sending message 112 to peer 0x555dba3ef860 (15 bytes)
1742316056.672429 sending message 112 to peer 0x555dba3ef860 (5 bytes)
1742316056.672436 sending message 104 to peer 0x555dba3ef860 (0 bytes)
1742316056.672441 sending message 110 to peer 0x555dba3ef860 (0 bytes)
1742316056.672448 sending message 107 to peer 0x555dba3ef860 (4 bytes)
1742316056.672454 sending message 105 to peer 0x555dba3ef860 (16 bytes)
1742316056.672460 sending message 105 to peer 0x555dba3ef860 (20 bytes)
1742316056.672467 sending message 105 to peer 0x555dba3ef860 (23 bytes)
1742316056.672472 sending message 105 to peer 0x555dba3ef860 (28 bytes)
1742316056.672478 sending message 105 to peer 0x555dba3ef860 (43 bytes)
1742316056.672483 sending message 105 to peer 0x555dba3ef860 (28 bytes)
1742316056.672489 sending message 105 to peer 0x555dba3ef860 (14 bytes)
1742316056.672494 sending message 105 to peer 0x555dba3ef860 (16 bytes)
1742316056.672499 sending message 105 to peer 0x555dba3ef860 (30 bytes)
1742316056.672508 sending message 105 to peer 0x555dba3ef860 (14 bytes)
1742316056.672513 sending message 105 to peer 0x555dba3ef860 (21 bytes)
1742316056.672519 sending message 105 to peer 0x555dba3ef860 (47 bytes)
1742316056.672525 sending message 105 to peer 0x555dba3ef860 (128 bytes)
1742316056.672531 sending message 105 to peer 0x555dba3ef860 (15 bytes)
1742316056.672537 sending message 105 to peer 0x555dba3ef860 (17 bytes)
1742316056.672542 sending message 105 to peer 0x555dba3ef860 (17 bytes)
1742316056.672548 sending message 105 to peer 0x555dba3ef860 (1525 bytes)
1742316056.672562 sending message 105 to peer 0x555dba3ef860 (32 bytes)
1742316056.672569 sending message 105 to peer 0x555dba3ef860 (31 bytes)
1742316056.672575 sending message 105 to peer 0x555dba3ef860 (142 bytes)
1742316056.672580 sending message 105 to peer 0x555dba3ef860 (54 bytes)
1742316056.672586 sending message 105 to peer 0x555dba3ef860 (31 bytes)
1742316056.672592 sending message 105 to peer 0x555dba3ef860 (23 bytes)
1742316056.672598 sending message 105 to peer 0x555dba3ef860 (24 bytes)
1742316056.672604 sending message 105 to peer 0x555dba3ef860 (20 bytes)
1742316056.672609 sending message 105 to peer 0x555dba3ef860 (35 bytes)
1742316056.672614 sending message 105 to peer 0x555dba3ef860 (11 bytes)
1742316056.672619 sending message 105 to peer 0x555dba3ef860 (66 bytes)
1742316056.672625 sending message 105 to peer 0x555dba3ef860 (14 bytes)
1742316056.672631 sending message 105 to peer 0x555dba3ef860 (27 bytes)
1742316056.672637 sending message 105 to peer 0x555dba3ef860 (8 bytes)
1742316056.672643 sending message 105 to peer 0x555dba3ef860 (20 bytes)
1742316056.672649 sending message 105 to peer 0x555dba3ef860 (51 bytes)
1742316056.672654 sending message 105 to peer 0x555dba3ef860 (33 bytes)
1742316056.672660 sending message 105 to peer 0x555dba3ef860 (64 bytes)
1742316056.672666 sending message 105 to peer 0x555dba3ef860 (36 bytes)
1742316056.672672 sending message 105 to peer 0x555dba3ef860 (24 bytes)
1742316056.672678 sending message 105 to peer 0x555dba3ef860 (25 bytes)
1742316056.672683 sending message 105 to peer 0x555dba3ef860 (159 bytes)
1742316056.672689 sending message 105 to peer 0x555dba3ef860 (120 bytes)
1742316056.672694 sending message 105 to peer 0x555dba3ef860 (130 bytes)
1742316056.672705 sending message 105 to peer 0x555dba3ef860 (305 bytes)
1742316056.672711 sending message 105 to peer 0x555dba3ef860 (25 bytes)
1742316056.672717 sending message 105 to peer 0x555dba3ef860 (56 bytes)
1742316056.672723 sending message 105 to peer 0x555dba3ef860 (27 bytes)
1742316056.672728 sending message 105 to peer 0x555dba3ef860 (38 bytes)
1742316056.672734 sending message 105 to peer 0x555dba3ef860 (25 bytes)
1742316056.672739 sending message 105 to peer 0x555dba3ef860 (20 bytes)
1742316056.672745 sending message 105 to peer 0x555dba3ef860 (90 bytes)
1742316056.672751 sending message 105 to peer 0x555dba3ef860 (145 bytes)
1742316056.672757 sending message 105 to peer 0x555dba3ef860 (16 bytes)
1742316056.672762 sending message 106 to peer 0x555dba3ef860 (0 bytes)
1742316056.672769 sending message 200 to peer 0x555dba3ef860 (4 bytes)
1742316056.672775 client loop enter
1742316056.672808 client_signal: Child exited
1742316056.755722 peer 0x555dba3ef860 message 207
1742316056.755882 sending message 208 to peer 0x555dba3ef860 (0 bytes)
1742316062.793142 peer 0x555dba3ef860 message 201
1742316062.793166 sending message 205 to peer 0x555dba3ef860 (0 bytes)
1742316062.793415 peer 0x555dba3ef860 message 204
1742316062.793422 client loop exit
